
2017-01-02 19:38:00...installerHook: Could not find custom/install/install_hooks.php
2017-01-02 19:38:05...Begin System Check Process *************
2017-01-02 19:38:05...XML Parsing Support Found
2017-01-02 19:38:05...MBString Support Found
2017-01-02 19:38:05...ZIP Support Found
2017-01-02 19:38:05.../custom directory and subdirectory check passed
2017-01-02 19:38:05...cache directory and subdirectory check passed
2017-01-02 19:38:05.../module  directory and subdirectory check passed
2017-01-02 19:38:05.../upload directory check passed
2017-01-02 19:38:05.../zip check passed
2017-01-02 19:38:05...PCRE version check passed
2017-01-02 19:38:05...installerHook: Could not find custom/install/install_hooks.php
2017-01-02 19:38:05...php.ini location found. /opt/lampp/etc/php.ini
2017-01-02 19:38:05...Outputting HTML for System check
2017-01-02 19:38:05...No Errors were found *************
2017-01-02 19:38:05...installerHook: Could not find custom/install/install_hooks.php
2017-01-02 19:38:27...installerHook: Could not find custom/install/install_hooks.php
2017-01-02 19:41:08...Begin DB Check Process *************
2017-01-02 19:41:08...testing with mysql:mysqli
2017-01-02 19:41:08...Basic form info is valid, continuing Process.
2017-01-02 19:41:08...Testing user account...
2017-01-02 19:41:08...ERROR::  The provided database host, username, and/or password is invalid, and a connection to the database could not be established.  Please enter a valid host, username and password
2017-01-02 19:41:08...FATAL:: errors have been detected!  User will not be allowed to continue.  Errors are as follow:
2017-01-02 19:41:08..... The provided database host, username, and/or password is invalid, and a connection to the database could not be established.  Please enter a valid host, username and password
2017-01-02 19:41:08...End DB Check Process *************
2017-01-02 19:41:31...Begin DB Check Process *************
2017-01-02 19:41:31...testing with mysql:mysqli
2017-01-02 19:41:31...Basic form info is valid, continuing Process.
2017-01-02 19:41:31...Testing user account...
2017-01-02 19:41:31...ERROR::  The provided database host, username, and/or password is invalid, and a connection to the database could not be established.  Please enter a valid host, username and password
2017-01-02 19:41:31...FATAL:: errors have been detected!  User will not be allowed to continue.  Errors are as follow:
2017-01-02 19:41:31..... The provided database host, username, and/or password is invalid, and a connection to the database could not be established.  Please enter a valid host, username and password
2017-01-02 19:41:31...End DB Check Process *************
2017-01-02 19:42:22...Begin DB Check Process *************
2017-01-02 19:42:22...testing with mysql:mysqli
2017-01-02 19:42:22...Basic form info is valid, continuing Process.
2017-01-02 19:42:22...Testing user account...
2017-01-02 19:42:22...ERROR::  The provided database host, username, and/or password is invalid, and a connection to the database could not be established.  Please enter a valid host, username and password
2017-01-02 19:42:22...FATAL:: errors have been detected!  User will not be allowed to continue.  Errors are as follow:
2017-01-02 19:42:22..... The provided database host, username, and/or password is invalid, and a connection to the database could not be established.  Please enter a valid host, username and password
2017-01-02 19:42:22...End DB Check Process *************
2017-01-02 19:43:42...Begin DB Check Process *************
2017-01-02 19:43:42...testing with mysql:mysqli
2017-01-02 19:43:42...Basic form info is valid, continuing Process.
2017-01-02 19:43:42...Testing user account...
2017-01-02 19:43:42...ERROR::  The provided database host, username, and/or password is invalid, and a connection to the database could not be established.  Please enter a valid host, username and password
2017-01-02 19:43:42...FATAL:: errors have been detected!  User will not be allowed to continue.  Errors are as follow:
2017-01-02 19:43:42..... The provided database host, username, and/or password is invalid, and a connection to the database could not be established.  Please enter a valid host, username and password
2017-01-02 19:43:42...End DB Check Process *************
2017-01-02 19:44:26...Begin DB Check Process *************
2017-01-02 19:44:26...testing with mysql:mysqli
2017-01-02 19:44:26...Basic form info is valid, continuing Process.
2017-01-02 19:44:26...Testing user account...
2017-01-02 19:44:26...ERROR::  The provided database host, username, and/or password is invalid, and a connection to the database could not be established.  Please enter a valid host, username and password
2017-01-02 19:44:26...FATAL:: errors have been detected!  User will not be allowed to continue.  Errors are as follow:
2017-01-02 19:44:26..... The provided database host, username, and/or password is invalid, and a connection to the database could not be established.  Please enter a valid host, username and password
2017-01-02 19:44:26...End DB Check Process *************
2017-01-02 19:44:31...installerHook: Could not find custom/install/install_hooks.php
2017-01-02 19:44:33...installerHook: Could not find custom/install/install_hooks.php
2017-01-02 19:45:01...Begin DB Check Process *************
2017-01-02 19:45:01...testing with mysql:mysqli
2017-01-02 19:45:01...Basic form info is valid, continuing Process.
2017-01-02 19:45:01...Testing user account...
2017-01-02 19:45:01...ERROR::  The provided database host, username, and/or password is invalid, and a connection to the database could not be established.  Please enter a valid host, username and password
2017-01-02 19:45:01...FATAL:: errors have been detected!  User will not be allowed to continue.  Errors are as follow:
2017-01-02 19:45:01..... The provided database host, username, and/or password is invalid, and a connection to the database could not be established.  Please enter a valid host, username and password
2017-01-02 19:45:01...End DB Check Process *************
2017-01-02 19:45:13...Begin DB Check Process *************
2017-01-02 19:45:13...testing with mysql:mysqli
2017-01-02 19:45:13...Basic form info is valid, continuing Process.
2017-01-02 19:45:13...Testing user account...
2017-01-02 19:45:13...Connection made using  host: 127.0.0.1, usr: root
2017-01-02 19:45:13...SUCCESS:: no errors detected!
2017-01-02 19:45:13...End DB Check Process *************
2017-01-02 19:45:13...installerHook: Could not find custom/install/install_hooks.php
2017-01-02 19:45:13...calling handleSugarConfig()
2017-01-02 19:45:13...calling handleHtaccess()
2017-01-02 19:45:13...calling handleDbCreateDatabase()
2017-01-02 19:45:13...looping through all the Beans and create their tables
2017-01-02 19:45:13...processing table acl_actions
2017-01-02 19:45:14...creating table acl_actions
2017-01-02 19:45:14...creating Relationship Meta for ACLAction
2017-01-02 19:45:14...processing table acl_roles
2017-01-02 19:45:14...creating table acl_roles
2017-01-02 19:45:14...creating Relationship Meta for ACLRole
2017-01-02 19:45:14...processing table relationships
2017-01-02 19:45:14...creating table relationships
2017-01-02 19:45:14...creating Relationship Meta for Relationship
2017-01-02 19:45:14...processing table leads
2017-01-02 19:45:14...creating table leads
2017-01-02 19:45:14...creating Relationship Meta for Lead
2017-01-02 19:45:14...processing table cases
2017-01-02 19:45:15...creating table cases
2017-01-02 19:45:15...creating Relationship Meta for Case
2017-01-02 19:45:15...processing table bugs
2017-01-02 19:45:15...creating table bugs
2017-01-02 19:45:15...creating Relationship Meta for Bug
2017-01-02 19:45:15...processing table users
2017-01-02 19:45:15...creating table users
2017-01-02 19:45:15...creating Relationship Meta for User
2017-01-02 19:45:15...processing table campaign_log
2017-01-02 19:45:15...creating table campaign_log
2017-01-02 19:45:15...creating Relationship Meta for CampaignLog
2017-01-02 19:45:15...processing table project
2017-01-02 19:45:16...creating table project
2017-01-02 19:45:16...creating Relationship Meta for Project
2017-01-02 19:45:16...processing table project_task
2017-01-02 19:45:16...creating table project_task
2017-01-02 19:45:16...creating Relationship Meta for ProjectTask
2017-01-02 19:45:16...processing table campaigns
2017-01-02 19:45:16...creating table campaigns
2017-01-02 19:45:16...creating Relationship Meta for Campaign
2017-01-02 19:45:16...processing table prospect_lists
2017-01-02 19:45:17...creating table prospect_lists
2017-01-02 19:45:17...creating Relationship Meta for ProspectList
2017-01-02 19:45:17...processing table prospects
2017-01-02 19:45:17...creating table prospects
2017-01-02 19:45:17...creating Relationship Meta for Prospect
2017-01-02 19:45:17...processing table email_marketing
2017-01-02 19:45:17...creating table email_marketing
2017-01-02 19:45:17...creating Relationship Meta for EmailMarketing
2017-01-02 19:45:17...processing table campaign_trkrs
2017-01-02 19:45:17...creating table campaign_trkrs
2017-01-02 19:45:17...creating Relationship Meta for CampaignTracker
2017-01-02 19:45:17...processing table releases
2017-01-02 19:45:17...creating table releases
2017-01-02 19:45:17...creating Relationship Meta for Release
2017-01-02 19:45:17...processing table emailman
2017-01-02 19:45:17...creating table emailman
2017-01-02 19:45:17...creating Relationship Meta for EmailMan
2017-01-02 19:45:17...processing table schedulers
2017-01-02 19:45:18...creating table schedulers
2017-01-02 19:45:18...creating Relationship Meta for Scheduler
2017-01-02 19:45:18...processing table job_queue
2017-01-02 19:45:18...creating table job_queue
2017-01-02 19:45:18...creating Relationship Meta for SchedulersJob
2017-01-02 19:45:18...processing table contacts
2017-01-02 19:45:18...creating table contacts
2017-01-02 19:45:18...creating Relationship Meta for Contact
2017-01-02 19:45:18...processing table accounts
2017-01-02 19:45:19...creating table accounts
2017-01-02 19:45:19...creating Relationship Meta for Account
2017-01-02 19:45:19...processing table opportunities
2017-01-02 19:45:19...creating table opportunities
2017-01-02 19:45:19...creating Relationship Meta for Opportunity
2017-01-02 19:45:19...processing table email_templates
2017-01-02 19:45:19...creating table email_templates
2017-01-02 19:45:19...creating Relationship Meta for EmailTemplate
2017-01-02 19:45:19...processing table notes
2017-01-02 19:45:20...creating table notes
2017-01-02 19:45:20...creating Relationship Meta for Note
2017-01-02 19:45:20...processing table calls
2017-01-02 19:45:20...creating table calls
2017-01-02 19:45:20...creating Relationship Meta for Call
2017-01-02 19:45:20...processing table emails
2017-01-02 19:45:20...creating table emails
2017-01-02 19:45:20...creating Relationship Meta for Email
2017-01-02 19:45:20...processing table meetings
2017-01-02 19:45:20...creating table meetings
2017-01-02 19:45:20...creating Relationship Meta for Meeting
2017-01-02 19:45:21...processing table tasks
2017-01-02 19:45:21...creating table tasks
2017-01-02 19:45:21...creating Relationship Meta for Task
2017-01-02 19:45:21...processing table users
2017-01-02 19:45:21...processing table users
2017-01-02 19:45:21...processing table currencies
2017-01-02 19:45:21...creating table currencies
2017-01-02 19:45:21...creating Relationship Meta for Currency
2017-01-02 19:45:21...processing table tracker
2017-01-02 19:45:21...creating table tracker
2017-01-02 19:45:21...creating Relationship Meta for Tracker
2017-01-02 19:45:21...processing table import_maps
2017-01-02 19:45:21...creating table import_maps
2017-01-02 19:45:21...creating Relationship Meta for ImportMap
2017-01-02 19:45:21...processing table users_last_import
2017-01-02 19:45:21...creating table users_last_import
2017-01-02 19:45:21...creating Relationship Meta for UsersLastImport
2017-01-02 19:45:21...processing table config
2017-01-02 19:45:21...creating table config
2017-01-02 19:45:21...creating Relationship Meta for Administration
2017-01-02 19:45:21...processing table upgrade_history
2017-01-02 19:45:21...creating table upgrade_history
2017-01-02 19:45:21...creating Relationship Meta for UpgradeHistory
2017-01-02 19:45:21...processing table vcals
2017-01-02 19:45:21...creating table vcals
2017-01-02 19:45:21...creating Relationship Meta for vCal
2017-01-02 19:45:21...processing table alerts
2017-01-02 19:45:22...creating table alerts
2017-01-02 19:45:22...creating Relationship Meta for Alert
2017-01-02 19:45:22...processing table roles
2017-01-02 19:45:22...creating table roles
2017-01-02 19:45:22...creating Relationship Meta for Role
2017-01-02 19:45:22...processing table documents
2017-01-02 19:45:22...creating table documents
2017-01-02 19:45:22...creating Relationship Meta for Document
2017-01-02 19:45:22...processing table document_revisions
2017-01-02 19:45:22...creating table document_revisions
2017-01-02 19:45:22...creating Relationship Meta for DocumentRevision
2017-01-02 19:45:22...processing table fields_meta_data
2017-01-02 19:45:22...creating table fields_meta_data
2017-01-02 19:45:22...creating Relationship Meta for FieldsMetaData
2017-01-02 19:45:22...processing table inbound_email
2017-01-02 19:45:22...creating table inbound_email
2017-01-02 19:45:22...creating Relationship Meta for InboundEmail
2017-01-02 19:45:22...processing table saved_search
2017-01-02 19:45:22...creating table saved_search
2017-01-02 19:45:22...creating Relationship Meta for SavedSearch
2017-01-02 19:45:22...processing table user_preferences
2017-01-02 19:45:22...creating table user_preferences
2017-01-02 19:45:22...creating Relationship Meta for UserPreference
2017-01-02 19:45:22...processing table 
2017-01-02 19:45:22...processing table email_addresses
2017-01-02 19:45:23...creating table email_addresses
2017-01-02 19:45:23...creating Relationship Meta for EmailAddress
2017-01-02 19:45:23...processing table emails_text
2017-01-02 19:45:23...creating table emails_text
2017-01-02 19:45:23...creating Relationship Meta for EmailText
2017-01-02 19:45:23...processing table spots
2017-01-02 19:45:23...creating table spots
2017-01-02 19:45:23...creating Relationship Meta for Spots
2017-01-02 19:45:23...processing table aobh_businesshours
2017-01-02 19:45:23...creating table aobh_businesshours
2017-01-02 19:45:23...creating Relationship Meta for AOBH_BusinessHours
2017-01-02 19:45:23...processing table sugarfeed
2017-01-02 19:45:23...creating table sugarfeed
2017-01-02 19:45:23...creating Relationship Meta for SugarFeed
2017-01-02 19:45:23...processing table eapm
2017-01-02 19:45:23...creating table eapm
2017-01-02 19:45:23...creating Relationship Meta for EAPM
2017-01-02 19:45:23...processing table oauth_consumer
2017-01-02 19:45:23...creating table oauth_consumer
2017-01-02 19:45:23...creating Relationship Meta for OAuthKey
2017-01-02 19:45:23...processing table oauth_tokens
2017-01-02 19:45:23...creating table oauth_tokens
2017-01-02 19:45:23...creating Relationship Meta for OAuthToken
2017-01-02 19:45:23...processing table am_projecttemplates
2017-01-02 19:45:24...creating table am_projecttemplates
2017-01-02 19:45:24...creating Relationship Meta for AM_ProjectTemplates
2017-01-02 19:45:24...processing table am_tasktemplates
2017-01-02 19:45:24...creating table am_tasktemplates
2017-01-02 19:45:24...creating Relationship Meta for AM_TaskTemplates
2017-01-02 19:45:24...processing table favorites
2017-01-02 19:45:24...creating table favorites
2017-01-02 19:45:24...creating Relationship Meta for Favorites
2017-01-02 19:45:24...processing table aok_knowledge_base_categories
2017-01-02 19:45:24...creating table aok_knowledge_base_categories
2017-01-02 19:45:24...creating Relationship Meta for AOK_Knowledge_Base_Categories
2017-01-02 19:45:24...processing table aok_knowledgebase
2017-01-02 19:45:25...creating table aok_knowledgebase
2017-01-02 19:45:25...creating Relationship Meta for AOK_KnowledgeBase
2017-01-02 19:45:25...processing table reminders
2017-01-02 19:45:25...creating table reminders
2017-01-02 19:45:25...creating Relationship Meta for Reminder
2017-01-02 19:45:25...processing table reminders_invitees
2017-01-02 19:45:25...creating table reminders_invitees
2017-01-02 19:45:25...creating Relationship Meta for Reminder_Invitee
2017-01-02 19:45:25...processing table fp_events
2017-01-02 19:45:25...creating table fp_events
2017-01-02 19:45:25...creating Relationship Meta for FP_events
2017-01-02 19:45:25...processing table fp_event_locations
2017-01-02 19:45:26...creating table fp_event_locations
2017-01-02 19:45:26...creating Relationship Meta for FP_Event_Locations
2017-01-02 19:45:26...processing table aod_indexevent
2017-01-02 19:45:26...creating table aod_indexevent
2017-01-02 19:45:26...creating Relationship Meta for AOD_IndexEvent
2017-01-02 19:45:26...processing table aod_index
2017-01-02 19:45:26...creating table aod_index
2017-01-02 19:45:26...creating Relationship Meta for AOD_Index
2017-01-02 19:45:26...processing table aop_case_events
2017-01-02 19:45:27...creating table aop_case_events
2017-01-02 19:45:27...creating Relationship Meta for AOP_Case_Events
2017-01-02 19:45:27...processing table aop_case_updates
2017-01-02 19:45:27...creating table aop_case_updates
2017-01-02 19:45:27...creating Relationship Meta for AOP_Case_Updates
2017-01-02 19:45:27...processing table aor_reports
2017-01-02 19:45:27...creating table aor_reports
2017-01-02 19:45:27...creating Relationship Meta for AOR_Report
2017-01-02 19:45:27...processing table aor_fields
2017-01-02 19:45:27...creating table aor_fields
2017-01-02 19:45:27...creating Relationship Meta for AOR_Field
2017-01-02 19:45:28...processing table aor_charts
2017-01-02 19:45:28...creating table aor_charts
2017-01-02 19:45:28...creating Relationship Meta for AOR_Chart
2017-01-02 19:45:28...processing table aor_conditions
2017-01-02 19:45:28...creating table aor_conditions
2017-01-02 19:45:28...creating Relationship Meta for AOR_Condition
2017-01-02 19:45:28...processing table aor_scheduled_reports
2017-01-02 19:45:28...creating table aor_scheduled_reports
2017-01-02 19:45:28...creating Relationship Meta for AOR_Scheduled_Reports
2017-01-02 19:45:28...processing table aos_contracts
2017-01-02 19:45:28...creating table aos_contracts
2017-01-02 19:45:28...creating Relationship Meta for AOS_Contracts
2017-01-02 19:45:28...processing table aos_invoices
2017-01-02 19:45:29...creating table aos_invoices
2017-01-02 19:45:29...creating Relationship Meta for AOS_Invoices
2017-01-02 19:45:29...processing table aos_pdf_templates
2017-01-02 19:45:29...creating table aos_pdf_templates
2017-01-02 19:45:29...creating Relationship Meta for AOS_PDF_Templates
2017-01-02 19:45:29...processing table aos_product_categories
2017-01-02 19:45:29...creating table aos_product_categories
2017-01-02 19:45:29...creating Relationship Meta for AOS_Product_Categories
2017-01-02 19:45:29...processing table aos_products
2017-01-02 19:45:30...creating table aos_products
2017-01-02 19:45:30...creating Relationship Meta for AOS_Products
2017-01-02 19:45:30...processing table aos_products_quotes
2017-01-02 19:45:30...creating table aos_products_quotes
2017-01-02 19:45:30...creating Relationship Meta for AOS_Products_Quotes
2017-01-02 19:45:30...processing table aos_line_item_groups
2017-01-02 19:45:30...creating table aos_line_item_groups
2017-01-02 19:45:30...creating Relationship Meta for AOS_Line_Item_Groups
2017-01-02 19:45:30...processing table aos_quotes
2017-01-02 19:45:30...creating table aos_quotes
2017-01-02 19:45:30...creating Relationship Meta for AOS_Quotes
2017-01-02 19:45:30...processing table aow_actions
2017-01-02 19:45:30...creating table aow_actions
2017-01-02 19:45:30...creating Relationship Meta for AOW_Action
2017-01-02 19:45:31...processing table aow_workflow
2017-01-02 19:45:31...creating table aow_workflow
2017-01-02 19:45:31...creating Relationship Meta for AOW_WorkFlow
2017-01-02 19:45:31...processing table aow_processed
2017-01-02 19:45:31...creating table aow_processed
2017-01-02 19:45:31...creating Relationship Meta for AOW_Processed
2017-01-02 19:45:31...processing table aow_conditions
2017-01-02 19:45:31...creating table aow_conditions
2017-01-02 19:45:31...creating Relationship Meta for AOW_Condition
2017-01-02 19:45:31...processing table jjwg_maps
2017-01-02 19:45:32...creating table jjwg_maps
2017-01-02 19:45:32...creating Relationship Meta for jjwg_Maps
2017-01-02 19:45:32...processing table jjwg_markers
2017-01-02 19:45:32...creating table jjwg_markers
2017-01-02 19:45:32...creating Relationship Meta for jjwg_Markers
2017-01-02 19:45:32...processing table jjwg_areas
2017-01-02 19:45:32...creating table jjwg_areas
2017-01-02 19:45:32...creating Relationship Meta for jjwg_Areas
2017-01-02 19:45:32...processing table jjwg_address_cache
2017-01-02 19:45:33...creating table jjwg_address_cache
2017-01-02 19:45:33...creating Relationship Meta for jjwg_Address_Cache
2017-01-02 19:45:33...processing table calls_reschedule
2017-01-02 19:45:33...creating table calls_reschedule
2017-01-02 19:45:33...creating Relationship Meta for Calls_Reschedule
2017-01-02 19:45:33...processing table securitygroups
2017-01-02 19:45:33...creating table securitygroups
2017-01-02 19:45:33...creating Relationship Meta for SecurityGroup
2017-01-02 19:45:33...processing table outbound_email
2017-01-02 19:45:34...creating table outbound_email
2017-01-02 19:45:34...creating Relationship Meta for OutboundEmailAccounts
2017-01-02 19:45:34...processing table templatesectionline
2017-01-02 19:45:34...creating table templatesectionline
2017-01-02 19:45:34...creating Relationship Meta for TemplateSectionLine
2017-01-02 19:45:42...Begin creating Defaults
2017-01-02 19:45:42...insert defaults into config table
2017-01-02 19:45:42...Creating default users
2017-01-02 19:45:42...Creating default scheduler jobs
2017-01-02 19:45:42...Enable SugarFeeds
2017-01-02 19:45:42...Installation has completed *********
2017-01-02 19:45:53...populating the db with seed data
2017-01-02 19:45:53...Save configuration settings..
2017-01-02 19:45:53...save locale
2017-01-02 19:45:53...new Administration
2017-01-02 19:45:53...retrieveSettings
2017-01-02 19:45:53...AdminWizard OFF
2017-01-02 19:45:53...saveConfig
2017-01-02 19:45:53...new Configurator
2017-01-02 19:45:53...populateFromPost
2017-01-02 19:45:53...handleOverride
2017-01-02 19:45:53...saveConfig
2017-01-02 19:45:53...new Currency
2017-01-02 19:45:53...retrieve
2017-01-02 19:45:53...DBG: save currency
2017-01-02 19:45:53...Save user settings..
2017-01-02 19:45:53...DBG: SugarThemeRegistry::getDefault
2017-01-02 19:45:53...DBG: require modules/Users/Save.php